Started GET "/" for 127.0.0.1 at 2017-09-06 01:25:00 +1000
Processing by PagesController#show as HTML
  Parameters: {"page"=>"home"}
  Rendering pages/home.html.erb within layouts/application
  Rendered pages/home.html.erb within layouts/application (1.1ms)
Completed 200 OK in 588ms (Views: 344.6ms)


Started GET "/" for 127.0.0.1 at 2017-09-06 01:46:13 +1000
Processing by PagesController#show as HTML
  Parameters: {"page"=>"home"}
  Rendering pages/home.html.erb within layouts/application
  Rendered pages/home.html.erb within layouts/application (3.0ms)
Completed 200 OK in 81ms (Views: 75.4ms)


Started GET "/" for 127.0.0.1 at 2017-09-06 02:13:22 +1000
Processing by PagesController#show as HTML
  Parameters: {"page"=>"home"}
  Rendering pages/home.html.erb within layouts/application
  Rendered pages/home.html.erb within layouts/application (0.5ms)
  Rendered shared/_menu.html.erb (0.4ms)
Completed 200 OK in 119ms (Views: 117.9ms)


Started GET "/pages/about" for 127.0.0.1 at 2017-09-06 02:13:27 +1000
Processing by PagesController#show as HTML
  Parameters: {"page"=>"about"}
  Rendering pages/about.html.erb within layouts/application
  Rendered pages/about.html.erb within layouts/application (0.9ms)
  Rendered shared/_menu.html.erb (0.7ms)
Completed 200 OK in 88ms (Views: 87.4ms)


Started GET "/pages/contacts" for 127.0.0.1 at 2017-09-06 02:13:30 +1000
Processing by PagesController#show as HTML
  Parameters: {"page"=>"contacts"}
  Rendering pages/contacts.html.erb within layouts/application
  Rendered pages/contacts.html.erb within layouts/application (0.5ms)
  Rendered shared/_menu.html.erb (0.6ms)
Completed 200 OK in 93ms (Views: 89.9ms)


Started GET "/pages/Projects" for 127.0.0.1 at 2017-09-06 02:13:32 +1000
Processing by PagesController#show as HTML
  Parameters: {"page"=>"Projects"}
Completed 500 Internal Server Error in 8ms


  
ActionView::MissingTemplate (Missing template pages/Projects with {:locale=>[:en], :formats=>[:html], :variants=>[], :handlers=>[:raw, :erb, :html, :builder, :ruby, :coffee, :jbuilder]}. Searched in:
  * "/Users/filipmaslovaric/Documents/GitHub/Personal-Portfolio-Project/app/views"
):
  
app/controllers/pages_controller.rb:3:in `show'
Processing by ErrorsController#internal_server_error as HTML
  Parameters: {"page"=>"Projects"}
  Rendering errors/internal_server_error.html.erb within layouts/application
  Rendered errors/internal_server_error.html.erb within layouts/application (0.7ms)
  Rendered shared/_menu.html.erb (0.5ms)
Completed 500 Internal Server Error in 44ms (Views: 43.9ms)


Started GET "/pages/Projects" for 127.0.0.1 at 2017-09-06 02:13:49 +1000
Processing by PagesController#show as HTML
  Parameters: {"page"=>"Projects"}
Completed 500 Internal Server Error in 2ms


  
ActionView::MissingTemplate (Missing template pages/Projects with {:locale=>[:en], :formats=>[:html], :variants=>[], :handlers=>[:raw, :erb, :html, :builder, :ruby, :coffee, :jbuilder]}. Searched in:
  * "/Users/filipmaslovaric/Documents/GitHub/Personal-Portfolio-Project/app/views"
):
  
app/controllers/pages_controller.rb:3:in `show'
Processing by ErrorsController#internal_server_error as HTML
  Parameters: {"page"=>"Projects"}
  Rendering errors/internal_server_error.html.erb within layouts/application
  Rendered errors/internal_server_error.html.erb within layouts/application (0.4ms)
  Rendered shared/_menu.html.erb (0.5ms)
Completed 500 Internal Server Error in 20ms (Views: 19.3ms)


Started GET "/pages/Projects" for 127.0.0.1 at 2017-09-06 02:13:52 +1000
Processing by PagesController#show as HTML
  Parameters: {"page"=>"Projects"}
Completed 500 Internal Server Error in 2ms


  
ActionView::MissingTemplate (Missing template pages/Projects with {:locale=>[:en], :formats=>[:html], :variants=>[], :handlers=>[:raw, :erb, :html, :builder, :ruby, :coffee, :jbuilder]}. Searched in:
  * "/Users/filipmaslovaric/Documents/GitHub/Personal-Portfolio-Project/app/views"
):
  
app/controllers/pages_controller.rb:3:in `show'
Processing by ErrorsController#internal_server_error as HTML
  Parameters: {"page"=>"Projects"}
  Rendering errors/internal_server_error.html.erb within layouts/application
  Rendered errors/internal_server_error.html.erb within layouts/application (0.3ms)
  Rendered shared/_menu.html.erb (0.3ms)
Completed 500 Internal Server Error in 20ms (Views: 20.2ms)


Started GET "/pages/about" for 127.0.0.1 at 2017-09-06 02:13:58 +1000
Processing by PagesController#show as HTML
  Parameters: {"page"=>"about"}
  Rendering pages/about.html.erb within layouts/application
  Rendered pages/about.html.erb within layouts/application (0.4ms)
  Rendered shared/_menu.html.erb (0.5ms)
Completed 200 OK in 24ms (Views: 23.5ms)


Started GET "/pages/projects" for 127.0.0.1 at 2017-09-06 02:14:00 +1000
Processing by PagesController#show as HTML
  Parameters: {"page"=>"projects"}
  Rendering pages/projects.html.erb within layouts/application
  Rendered pages/projects.html.erb within layouts/application (0.5ms)
  Rendered shared/_menu.html.erb (0.5ms)
Completed 200 OK in 33ms (Views: 32.6ms)


Started GET "/" for 127.0.0.1 at 2017-09-06 02:14:08 +1000
Processing by PagesController#show as HTML
  Parameters: {"page"=>"home"}
  Rendering pages/home.html.erb within layouts/application
  Rendered pages/home.html.erb within layouts/application (0.4ms)
  Rendered shared/_menu.html.erb (0.4ms)
Completed 200 OK in 25ms (Views: 24.9ms)


Started GET "/" for 127.0.0.1 at 2017-09-06 02:18:22 +1000
Processing by PagesController#show as HTML
  Parameters: {"page"=>"home"}
  Rendering pages/home.html.erb within layouts/application
  Rendered pages/home.html.erb within layouts/application (0.3ms)
  Rendered shared/_menu.html.erb (0.3ms)
  Rendered shared/_footer.html.erb (0.8ms)
Completed 200 OK in 28ms (Views: 28.1ms)


Started GET "/" for 127.0.0.1 at 2017-09-06 02:18:38 +1000
Processing by PagesController#show as HTML
  Parameters: {"page"=>"home"}
  Rendering pages/home.html.erb within layouts/application
  Rendered pages/home.html.erb within layouts/application (0.4ms)
  Rendered shared/_menu.html.erb (0.4ms)
  Rendered shared/_footer.html.erb (0.4ms)
Completed 200 OK in 20ms (Views: 19.5ms)


Started GET "/" for 127.0.0.1 at 2017-09-06 02:18:48 +1000
Processing by PagesController#show as HTML
  Parameters: {"page"=>"home"}
  Rendering pages/home.html.erb within layouts/application
  Rendered pages/home.html.erb within layouts/application (0.6ms)
  Rendered shared/_menu.html.erb (0.5ms)
  Rendered shared/_footer.html.erb (0.5ms)
Completed 200 OK in 25ms (Views: 24.1ms)


Started GET "/" for 127.0.0.1 at 2017-09-06 02:19:07 +1000
Processing by PagesController#show as HTML
  Parameters: {"page"=>"home"}
  Rendering pages/home.html.erb within layouts/application
  Rendered pages/home.html.erb within layouts/application (0.7ms)
  Rendered shared/_menu.html.erb (0.6ms)
  Rendered shared/_footer.html.erb (0.4ms)
Completed 200 OK in 25ms (Views: 24.7ms)


Started GET "/" for 127.0.0.1 at 2017-09-06 02:19:08 +1000
Processing by PagesController#show as HTML
  Parameters: {"page"=>"home"}
  Rendering pages/home.html.erb within layouts/application
  Rendered pages/home.html.erb within layouts/application (0.4ms)
  Rendered shared/_menu.html.erb (0.3ms)
  Rendered shared/_footer.html.erb (0.3ms)
Completed 200 OK in 26ms (Views: 25.4ms)


Started GET "/" for 127.0.0.1 at 2017-09-06 02:21:35 +1000
Processing by PagesController#show as HTML
  Parameters: {"page"=>"home"}
  Rendering pages/home.html.erb within layouts/application
  Rendered pages/home.html.erb within layouts/application (0.4ms)
  Rendered shared/_menu.html.erb (0.3ms)
  Rendered shared/_footer.html.erb (0.3ms)
Completed 200 OK in 29ms (Views: 28.8ms)


Started GET "/" for 127.0.0.1 at 2017-09-06 02:22:28 +1000
Processing by PagesController#show as HTML
  Parameters: {"page"=>"home"}
  Rendering pages/home.html.erb within layouts/application
  Rendered pages/home.html.erb within layouts/application (0.4ms)
  Rendered shared/_menu.html.erb (1.0ms)
  Rendered shared/_footer.html.erb (0.6ms)
Completed 200 OK in 30ms (Views: 29.0ms)


Started GET "/" for 127.0.0.1 at 2017-09-06 02:22:39 +1000
Processing by PagesController#show as HTML
  Parameters: {"page"=>"home"}
  Rendering pages/home.html.erb within layouts/application
  Rendered pages/home.html.erb within layouts/application (0.5ms)
  Rendered shared/_menu.html.erb (0.4ms)
  Rendered shared/_footer.html.erb (0.3ms)
Completed 200 OK in 33ms (Views: 32.7ms)


Started GET "/" for 127.0.0.1 at 2017-09-06 02:23:04 +1000
Processing by PagesController#show as HTML
  Parameters: {"page"=>"home"}
  Rendering pages/home.html.erb within layouts/application
  Rendered pages/home.html.erb within layouts/application (0.4ms)
  Rendered shared/_menu.html.erb (0.4ms)
  Rendered shared/_footer.html.erb (0.6ms)
Completed 200 OK in 32ms (Views: 31.7ms)


Started GET "/" for 127.0.0.1 at 2017-09-06 02:23:28 +1000
Processing by PagesController#show as HTML
  Parameters: {"page"=>"home"}
  Rendering pages/home.html.erb within layouts/application
  Rendered pages/home.html.erb within layouts/application (0.3ms)
  Rendered shared/_menu.html.erb (0.3ms)
  Rendered shared/_footer.html.erb (0.3ms)
Completed 200 OK in 23ms (Views: 22.7ms)


Started GET "/" for 127.0.0.1 at 2017-09-06 02:23:49 +1000
Processing by PagesController#show as HTML
  Parameters: {"page"=>"home"}
  Rendering pages/home.html.erb within layouts/application
  Rendered pages/home.html.erb within layouts/application (0.4ms)
  Rendered shared/_menu.html.erb (0.5ms)
  Rendered shared/_footer.html.erb (0.5ms)
Completed 200 OK in 32ms (Views: 31.0ms)


Started GET "/" for 127.0.0.1 at 2017-09-06 02:24:03 +1000
Processing by PagesController#show as HTML
  Parameters: {"page"=>"home"}
  Rendering pages/home.html.erb within layouts/application
  Rendered pages/home.html.erb within layouts/application (0.4ms)
  Rendered shared/_menu.html.erb (0.3ms)
  Rendered shared/_footer.html.erb (0.5ms)
Completed 200 OK in 32ms (Views: 30.9ms)


Started GET "/" for 127.0.0.1 at 2017-09-06 02:24:15 +1000
Processing by PagesController#show as HTML
  Parameters: {"page"=>"home"}
  Rendering pages/home.html.erb within layouts/application
  Rendered pages/home.html.erb within layouts/application (0.4ms)
  Rendered shared/_menu.html.erb (0.3ms)
  Rendered shared/_footer.html.erb (0.3ms)
Completed 200 OK in 24ms (Views: 23.6ms)


Started GET "/" for 127.0.0.1 at 2017-09-06 02:24:17 +1000
Processing by PagesController#show as HTML
  Parameters: {"page"=>"home"}
  Rendering pages/home.html.erb within layouts/application
  Rendered pages/home.html.erb within layouts/application (0.5ms)
  Rendered shared/_menu.html.erb (0.5ms)
  Rendered shared/_footer.html.erb (0.4ms)
Completed 200 OK in 31ms (Views: 30.7ms)


Started GET "/" for 127.0.0.1 at 2017-09-06 02:24:24 +1000
Processing by PagesController#show as HTML
  Parameters: {"page"=>"home"}
  Rendering pages/home.html.erb within layouts/application
  Rendered pages/home.html.erb within layouts/application (0.5ms)
  Rendered shared/_menu.html.erb (0.4ms)
  Rendered shared/_footer.html.erb (0.4ms)
Completed 200 OK in 24ms (Views: 23.3ms)


Started GET "/" for 127.0.0.1 at 2017-09-06 02:24:33 +1000
Processing by PagesController#show as HTML
  Parameters: {"page"=>"home"}
  Rendering pages/home.html.erb within layouts/application
  Rendered pages/home.html.erb within layouts/application (0.5ms)
  Rendered shared/_menu.html.erb (0.6ms)
  Rendered shared/_footer.html.erb (0.5ms)
Completed 200 OK in 28ms (Views: 27.1ms)


Started GET "/" for 127.0.0.1 at 2017-09-06 02:25:22 +1000
Processing by PagesController#show as HTML
  Parameters: {"page"=>"home"}
  Rendering pages/home.html.erb within layouts/application
  Rendered pages/home.html.erb within layouts/application (0.5ms)
  Rendered shared/_menu.html.erb (0.5ms)
  Rendered shared/_footer.html.erb (0.7ms)
Completed 200 OK in 25ms (Views: 24.5ms)


Started GET "/" for 127.0.0.1 at 2017-09-06 02:25:24 +1000
Processing by PagesController#show as HTML
  Parameters: {"page"=>"home"}
  Rendering pages/home.html.erb within layouts/application
  Rendered pages/home.html.erb within layouts/application (0.6ms)
  Rendered shared/_menu.html.erb (0.6ms)
  Rendered shared/_footer.html.erb (0.6ms)
Completed 200 OK in 47ms (Views: 45.6ms)


Started GET "/pages/about" for 127.0.0.1 at 2017-09-06 02:25:25 +1000
Processing by PagesController#show as HTML
  Parameters: {"page"=>"about"}
  Rendering pages/about.html.erb within layouts/application
  Rendered pages/about.html.erb within layouts/application (0.5ms)
  Rendered shared/_menu.html.erb (0.6ms)
  Rendered shared/_footer.html.erb (0.4ms)
Completed 200 OK in 28ms (Views: 27.2ms)


Started GET "/pages/contacts" for 127.0.0.1 at 2017-09-06 02:25:26 +1000
Processing by PagesController#show as HTML
  Parameters: {"page"=>"contacts"}
  Rendering pages/contacts.html.erb within layouts/application
  Rendered pages/contacts.html.erb within layouts/application (0.5ms)
  Rendered shared/_menu.html.erb (0.6ms)
  Rendered shared/_footer.html.erb (0.5ms)
Completed 200 OK in 35ms (Views: 34.3ms)


Started GET "/pages/projects" for 127.0.0.1 at 2017-09-06 02:25:27 +1000
Processing by PagesController#show as HTML
  Parameters: {"page"=>"projects"}
  Rendering pages/projects.html.erb within layouts/application
  Rendered pages/projects.html.erb within layouts/application (0.4ms)
  Rendered shared/_menu.html.erb (0.3ms)
  Rendered shared/_footer.html.erb (0.6ms)
Completed 200 OK in 28ms (Views: 27.0ms)


Started GET "/" for 127.0.0.1 at 2017-09-06 02:25:28 +1000
Processing by PagesController#show as HTML
  Parameters: {"page"=>"home"}
  Rendering pages/home.html.erb within layouts/application
  Rendered pages/home.html.erb within layouts/application (0.7ms)
  Rendered shared/_menu.html.erb (0.7ms)
  Rendered shared/_footer.html.erb (0.8ms)
Completed 200 OK in 33ms (Views: 32.2ms)


Started GET "/" for 127.0.0.1 at 2017-09-06 02:25:29 +1000
Processing by PagesController#show as HTML
  Parameters: {"page"=>"home"}
  Rendering pages/home.html.erb within layouts/application
  Rendered pages/home.html.erb within layouts/application (0.3ms)
  Rendered shared/_menu.html.erb (0.3ms)
  Rendered shared/_footer.html.erb (0.3ms)
Completed 200 OK in 39ms (Views: 38.7ms)


Started GET "/" for 127.0.0.1 at 2017-09-06 02:25:50 +1000
Processing by PagesController#show as HTML
  Parameters: {"page"=>"home"}
  Rendering pages/home.html.erb within layouts/application
  Rendered pages/home.html.erb within layouts/application (0.3ms)
  Rendered shared/_menu.html.erb (0.3ms)
  Rendered shared/_footer.html.erb (0.3ms)
Completed 200 OK in 23ms (Views: 22.6ms)


Started GET "/" for 127.0.0.1 at 2017-09-06 02:26:04 +1000
Processing by PagesController#show as HTML
  Parameters: {"page"=>"home"}
  Rendering pages/home.html.erb within layouts/application
  Rendered pages/home.html.erb within layouts/application (0.3ms)
  Rendered shared/_menu.html.erb (0.4ms)
  Rendered shared/_footer.html.erb (0.3ms)
Completed 200 OK in 25ms (Views: 25.0ms)


Started GET "/" for 127.0.0.1 at 2017-09-06 02:26:09 +1000
Processing by PagesController#show as HTML
  Parameters: {"page"=>"home"}
  Rendering pages/home.html.erb within layouts/application
  Rendered pages/home.html.erb within layouts/application (0.4ms)
  Rendered shared/_menu.html.erb (0.5ms)
  Rendered shared/_footer.html.erb (0.6ms)
Completed 200 OK in 34ms (Views: 33.2ms)


Started GET "/" for 127.0.0.1 at 2017-09-06 02:26:31 +1000
Processing by PagesController#show as HTML
  Parameters: {"page"=>"home"}
  Rendering pages/home.html.erb within layouts/application
  Rendered pages/home.html.erb within layouts/application (0.5ms)
  Rendered shared/_menu.html.erb (0.6ms)
  Rendered shared/_footer.html.erb (0.7ms)
Completed 200 OK in 31ms (Views: 30.3ms)


Started GET "/pages/about" for 127.0.0.1 at 2017-09-06 02:26:32 +1000
Processing by PagesController#show as HTML
  Parameters: {"page"=>"about"}
  Rendering pages/about.html.erb within layouts/application
  Rendered pages/about.html.erb within layouts/application (0.7ms)
  Rendered shared/_menu.html.erb (0.6ms)
  Rendered shared/_footer.html.erb (0.6ms)
Completed 200 OK in 39ms (Views: 38.2ms)


Started GET "/pages/contacts" for 127.0.0.1 at 2017-09-06 02:26:33 +1000
Processing by PagesController#show as HTML
  Parameters: {"page"=>"contacts"}
  Rendering pages/contacts.html.erb within layouts/application
  Rendered pages/contacts.html.erb within layouts/application (0.4ms)
  Rendered shared/_menu.html.erb (0.4ms)
  Rendered shared/_footer.html.erb (0.4ms)
Completed 200 OK in 27ms (Views: 26.5ms)


Started GET "/pages/projects" for 127.0.0.1 at 2017-09-06 02:26:34 +1000
Processing by PagesController#show as HTML
  Parameters: {"page"=>"projects"}
  Rendering pages/projects.html.erb within layouts/application
  Rendered pages/projects.html.erb within layouts/application (0.5ms)
  Rendered shared/_menu.html.erb (0.5ms)
  Rendered shared/_footer.html.erb (0.8ms)
Completed 200 OK in 34ms (Views: 33.4ms)


Started GET "/" for 127.0.0.1 at 2017-09-06 02:26:36 +1000
Processing by PagesController#show as HTML
  Parameters: {"page"=>"home"}
  Rendering pages/home.html.erb within layouts/application
  Rendered pages/home.html.erb within layouts/application (0.5ms)
  Rendered shared/_menu.html.erb (0.3ms)
  Rendered shared/_footer.html.erb (0.4ms)
Completed 200 OK in 33ms (Views: 32.2ms)


Started GET "/" for 127.0.0.1 at 2017-09-06 02:42:10 +1000
Processing by PagesController#show as HTML
  Parameters: {"page"=>"home"}
  Rendering pages/home.html.erb within layouts/application
  Rendered pages/home.html.erb within layouts/application (0.4ms)
  Rendered shared/_menu.html.erb (0.4ms)
  Rendered shared/_footer.html.erb (0.3ms)
Completed 200 OK in 35ms (Views: 34.5ms)


Started GET "/pages/contacts" for 127.0.0.1 at 2017-09-06 02:42:14 +1000
Processing by PagesController#show as HTML
  Parameters: {"page"=>"contacts"}
  Rendering pages/contacts.html.erb within layouts/application
  Rendered pages/contacts.html.erb within layouts/application (0.5ms)
  Rendered shared/_menu.html.erb (0.5ms)
  Rendered shared/_footer.html.erb (3.0ms)
Completed 200 OK in 43ms (Views: 42.8ms)


Started GET "/pages/contacts" for 127.0.0.1 at 2017-09-06 02:42:41 +1000
Processing by PagesController#show as HTML
  Parameters: {"page"=>"contacts"}
  Rendering pages/contacts.html.erb within layouts/application
  Rendered pages/contacts.html.erb within layouts/application (0.8ms)
  Rendered shared/_menu.html.erb (0.5ms)
  Rendered shared/_footer.html.erb (0.6ms)
Completed 200 OK in 39ms (Views: 38.6ms)


Started GET "/pages/contacts" for 127.0.0.1 at 2017-09-06 02:43:52 +1000
Processing by PagesController#show as HTML
  Parameters: {"page"=>"contacts"}
  Rendering pages/contacts.html.erb within layouts/application
  Rendered pages/contacts.html.erb within layouts/application (0.6ms)
  Rendered shared/_menu.html.erb (0.4ms)
  Rendered shared/_footer.html.erb (0.4ms)
Completed 200 OK in 35ms (Views: 34.4ms)


Started GET "/pages/contacts" for 127.0.0.1 at 2017-09-06 02:44:06 +1000
Processing by PagesController#show as HTML
  Parameters: {"page"=>"contacts"}
  Rendering pages/contacts.html.erb within layouts/application
  Rendered pages/contacts.html.erb within layouts/application (0.5ms)
  Rendered shared/_menu.html.erb (0.4ms)
  Rendered shared/_footer.html.erb (0.3ms)
Completed 200 OK in 28ms (Views: 26.9ms)


Started GET "/pages/contacts" for 127.0.0.1 at 2017-09-06 02:44:48 +1000
Processing by PagesController#show as HTML
  Parameters: {"page"=>"contacts"}
  Rendering pages/contacts.html.erb within layouts/application
  Rendered pages/contacts.html.erb within layouts/application (0.4ms)
  Rendered shared/_menu.html.erb (0.3ms)
  Rendered shared/_footer.html.erb (0.3ms)
Completed 200 OK in 35ms (Views: 34.9ms)


Started GET "/pages/contacts" for 127.0.0.1 at 2017-09-06 02:46:58 +1000
Processing by PagesController#show as HTML
  Parameters: {"page"=>"contacts"}
  Rendering pages/contacts.html.erb within layouts/application
  Rendered pages/contacts.html.erb within layouts/application (0.3ms)
  Rendered shared/_menu.html.erb (0.4ms)
  Rendered shared/_footer.html.erb (0.4ms)
Completed 200 OK in 39ms (Views: 36.9ms)


Started GET "/pages/contacts" for 127.0.0.1 at 2017-09-06 02:47:52 +1000
Processing by PagesController#show as HTML
  Parameters: {"page"=>"contacts"}
  Rendering pages/contacts.html.erb within layouts/application
  Rendered pages/contacts.html.erb within layouts/application (0.3ms)
  Rendered shared/_menu.html.erb (0.3ms)
  Rendered shared/_footer.html.erb (0.3ms)
Completed 200 OK in 21ms (Views: 21.1ms)


Started GET "/pages/contacts" for 127.0.0.1 at 2017-09-06 02:48:12 +1000
Processing by PagesController#show as HTML
  Parameters: {"page"=>"contacts"}
  Rendering pages/contacts.html.erb within layouts/application
  Rendered pages/contacts.html.erb within layouts/application (0.4ms)
  Rendered shared/_menu.html.erb (0.6ms)
  Rendered shared/_footer.html.erb (0.5ms)
Completed 200 OK in 31ms (Views: 30.2ms)


Started GET "/pages/contacts" for 127.0.0.1 at 2017-09-06 02:49:05 +1000
Processing by PagesController#show as HTML
  Parameters: {"page"=>"contacts"}
  Rendering pages/contacts.html.erb within layouts/application
  Rendered pages/contacts.html.erb within layouts/application (0.5ms)
  Rendered shared/_menu.html.erb (0.4ms)
  Rendered shared/_footer.html.erb (0.5ms)
Completed 200 OK in 32ms (Views: 30.6ms)


Started GET "/pages/contacts" for 127.0.0.1 at 2017-09-06 02:49:16 +1000
Processing by PagesController#show as HTML
  Parameters: {"page"=>"contacts"}
  Rendering pages/contacts.html.erb within layouts/application
  Rendered pages/contacts.html.erb within layouts/application (0.4ms)
  Rendered shared/_menu.html.erb (0.4ms)
  Rendered shared/_footer.html.erb (0.5ms)
Completed 200 OK in 27ms (Views: 26.9ms)


Started GET "/pages/contacts" for 127.0.0.1 at 2017-09-06 02:49:28 +1000
Processing by PagesController#show as HTML
  Parameters: {"page"=>"contacts"}
  Rendering pages/contacts.html.erb within layouts/application
  Rendered pages/contacts.html.erb within layouts/application (0.4ms)
  Rendered shared/_menu.html.erb (0.5ms)
  Rendered shared/_footer.html.erb (0.4ms)
Completed 200 OK in 27ms (Views: 26.3ms)


Started GET "/pages/contacts" for 127.0.0.1 at 2017-09-06 02:50:18 +1000
Processing by PagesController#show as HTML
  Parameters: {"page"=>"contacts"}
  Rendering pages/contacts.html.erb within layouts/application
  Rendered pages/contacts.html.erb within layouts/application (0.6ms)
  Rendered shared/_menu.html.erb (0.5ms)
  Rendered shared/_footer.html.erb (0.5ms)
Completed 200 OK in 35ms (Views: 34.7ms)


Started GET "/pages/contacts" for 127.0.0.1 at 2017-09-06 02:51:46 +1000
Processing by PagesController#show as HTML
  Parameters: {"page"=>"contacts"}
  Rendering pages/contacts.html.erb within layouts/application
  Rendered pages/contacts.html.erb within layouts/application (0.3ms)
  Rendered shared/_menu.html.erb (0.3ms)
  Rendered shared/_footer.html.erb (0.5ms)
Completed 200 OK in 27ms (Views: 26.4ms)


Started GET "/pages/contacts" for 127.0.0.1 at 2017-09-06 02:52:04 +1000
Processing by PagesController#show as HTML
  Parameters: {"page"=>"contacts"}
  Rendering pages/contacts.html.erb within layouts/application
  Rendered pages/contacts.html.erb within layouts/application (0.6ms)
  Rendered shared/_menu.html.erb (0.6ms)
  Rendered shared/_footer.html.erb (0.8ms)
Completed 200 OK in 26ms (Views: 25.8ms)


Started GET "/pages/contacts" for 127.0.0.1 at 2017-09-06 02:52:19 +1000
Processing by PagesController#show as HTML
  Parameters: {"page"=>"contacts"}
  Rendering pages/contacts.html.erb within layouts/application
  Rendered pages/contacts.html.erb within layouts/application (0.5ms)
  Rendered shared/_menu.html.erb (0.5ms)
  Rendered shared/_footer.html.erb (0.6ms)
Completed 200 OK in 24ms (Views: 23.2ms)


Started GET "/pages/contacts" for 127.0.0.1 at 2017-09-06 02:52:33 +1000
Processing by PagesController#show as HTML
  Parameters: {"page"=>"contacts"}
  Rendering pages/contacts.html.erb within layouts/application
  Rendered pages/contacts.html.erb within layouts/application (0.3ms)
  Rendered shared/_menu.html.erb (0.3ms)
  Rendered shared/_footer.html.erb (0.3ms)
Completed 200 OK in 23ms (Views: 22.8ms)


Started GET "/pages/contacts" for 127.0.0.1 at 2017-09-06 02:54:05 +1000
Processing by PagesController#show as HTML
  Parameters: {"page"=>"contacts"}
  Rendering pages/contacts.html.erb within layouts/application
  Rendered pages/contacts.html.erb within layouts/application (0.5ms)
  Rendered shared/_menu.html.erb (0.6ms)
  Rendered shared/_footer.html.erb (0.4ms)
Completed 200 OK in 27ms (Views: 26.7ms)


Started GET "/pages/contacts" for 127.0.0.1 at 2017-09-06 02:54:52 +1000
Processing by PagesController#show as HTML
  Parameters: {"page"=>"contacts"}
  Rendering pages/contacts.html.erb within layouts/application
  Rendered pages/contacts.html.erb within layouts/application (0.5ms)
  Rendered shared/_menu.html.erb (0.3ms)
  Rendered shared/_footer.html.erb (0.4ms)
Completed 200 OK in 30ms (Views: 29.3ms)


Started GET "/pages/contacts" for 127.0.0.1 at 2017-09-06 02:55:07 +1000
Processing by PagesController#show as HTML
  Parameters: {"page"=>"contacts"}
  Rendering pages/contacts.html.erb within layouts/application
  Rendered pages/contacts.html.erb within layouts/application (0.5ms)
  Rendered shared/_menu.html.erb (0.3ms)
  Rendered shared/_footer.html.erb (0.7ms)
Completed 200 OK in 36ms (Views: 35.0ms)


Started GET "/" for 127.0.0.1 at 2017-09-06 02:56:10 +1000
Processing by PagesController#show as HTML
  Parameters: {"page"=>"home"}
  Rendering pages/home.html.erb within layouts/application
  Rendered pages/home.html.erb within layouts/application (0.6ms)
  Rendered shared/_menu.html.erb (0.5ms)
  Rendered shared/_footer.html.erb (0.4ms)
Completed 200 OK in 41ms (Views: 40.4ms)


Started GET "/pages/contacts" for 127.0.0.1 at 2017-09-06 02:56:13 +1000
Processing by PagesController#show as HTML
  Parameters: {"page"=>"contacts"}
  Rendering pages/contacts.html.erb within layouts/application
  Rendered pages/contacts.html.erb within layouts/application (0.4ms)
  Rendered shared/_menu.html.erb (0.4ms)
  Rendered shared/_footer.html.erb (0.4ms)
Completed 200 OK in 26ms (Views: 25.2ms)


Started GET "/pages/contacts" for 127.0.0.1 at 2017-09-06 02:57:59 +1000
Processing by PagesController#show as HTML
  Parameters: {"page"=>"contacts"}
  Rendering pages/contacts.html.erb within layouts/application
  Rendered pages/contacts.html.erb within layouts/application (0.3ms)
  Rendered shared/_menu.html.erb (0.6ms)
  Rendered shared/_footer.html.erb (0.3ms)
Completed 200 OK in 38ms (Views: 37.1ms)


Started GET "/pages/contacts" for 127.0.0.1 at 2017-09-06 03:01:36 +1000
Processing by PagesController#show as HTML
  Parameters: {"page"=>"contacts"}
  Rendering pages/contacts.html.erb within layouts/application
  Rendered pages/contacts.html.erb within layouts/application (0.4ms)
  Rendered shared/_menu.html.erb (0.4ms)
  Rendered shared/_footer.html.erb (0.4ms)
Completed 200 OK in 27ms (Views: 26.5ms)


Started GET "/pages/contacts" for 127.0.0.1 at 2017-09-06 03:02:58 +1000
Processing by PagesController#show as HTML
  Parameters: {"page"=>"contacts"}
  Rendering pages/contacts.html.erb within layouts/application
  Rendered pages/contacts.html.erb within layouts/application (0.4ms)
  Rendered shared/_menu.html.erb (0.3ms)
  Rendered shared/_footer.html.erb (0.7ms)
Completed 200 OK in 32ms (Views: 31.7ms)


Started GET "/pages/contacts" for 127.0.0.1 at 2017-09-06 03:03:18 +1000
Processing by PagesController#show as HTML
  Parameters: {"page"=>"contacts"}
  Rendering pages/contacts.html.erb within layouts/application
  Rendered pages/contacts.html.erb within layouts/application (0.3ms)
  Rendered shared/_menu.html.erb (0.3ms)
  Rendered shared/_footer.html.erb (0.3ms)
Completed 200 OK in 23ms (Views: 21.6ms)


Started GET "/pages/contacts" for 127.0.0.1 at 2017-09-06 03:03:42 +1000
Processing by PagesController#show as HTML
  Parameters: {"page"=>"contacts"}
  Rendering pages/contacts.html.erb within layouts/application
  Rendered pages/contacts.html.erb within layouts/application (0.5ms)
  Rendered shared/_menu.html.erb (0.4ms)
  Rendered shared/_footer.html.erb (0.4ms)
Completed 200 OK in 27ms (Views: 26.2ms)


Started GET "/pages/contacts" for 127.0.0.1 at 2017-09-06 03:03:59 +1000
Processing by PagesController#show as HTML
  Parameters: {"page"=>"contacts"}
  Rendering pages/contacts.html.erb within layouts/application
  Rendered pages/contacts.html.erb within layouts/application (0.6ms)
  Rendered shared/_menu.html.erb (0.9ms)
  Rendered shared/_footer.html.erb (0.4ms)
Completed 200 OK in 27ms (Views: 26.8ms)


Started GET "/pages/contacts" for 127.0.0.1 at 2017-09-06 03:04:16 +1000
Processing by PagesController#show as HTML
  Parameters: {"page"=>"contacts"}
  Rendering pages/contacts.html.erb within layouts/application
  Rendered pages/contacts.html.erb within layouts/application (0.4ms)
  Rendered shared/_menu.html.erb (0.5ms)
  Rendered shared/_footer.html.erb (0.5ms)
Completed 200 OK in 27ms (Views: 26.5ms)


Started GET "/pages/contacts" for 127.0.0.1 at 2017-09-06 03:04:23 +1000
Processing by PagesController#show as HTML
  Parameters: {"page"=>"contacts"}
  Rendering pages/contacts.html.erb within layouts/application
  Rendered pages/contacts.html.erb within layouts/application (2.2ms)
  Rendered shared/_menu.html.erb (0.4ms)
  Rendered shared/_footer.html.erb (0.3ms)
Completed 200 OK in 31ms (Views: 30.5ms)


Started GET "/pages/contacts" for 127.0.0.1 at 2017-09-06 03:04:34 +1000
Processing by PagesController#show as HTML
  Parameters: {"page"=>"contacts"}
  Rendering pages/contacts.html.erb within layouts/application
  Rendered pages/contacts.html.erb within layouts/application (0.4ms)
  Rendered shared/_menu.html.erb (0.3ms)
  Rendered shared/_footer.html.erb (0.3ms)
Completed 200 OK in 28ms (Views: 27.7ms)


Started GET "/pages/contacts" for 127.0.0.1 at 2017-09-06 03:04:42 +1000
Processing by PagesController#show as HTML
  Parameters: {"page"=>"contacts"}
  Rendering pages/contacts.html.erb within layouts/application
  Rendered pages/contacts.html.erb within layouts/application (1.2ms)
  Rendered shared/_menu.html.erb (0.5ms)
  Rendered shared/_footer.html.erb (0.3ms)
Completed 200 OK in 29ms (Views: 28.3ms)


Started GET "/pages/contacts" for 127.0.0.1 at 2017-09-06 03:08:23 +1000
Processing by PagesController#show as HTML
  Parameters: {"page"=>"contacts"}
  Rendering pages/contacts.html.erb within layouts/application
  Rendered pages/contacts.html.erb within layouts/application (0.5ms)
  Rendered shared/_menu.html.erb (0.3ms)
  Rendered shared/_footer.html.erb (0.3ms)
Completed 200 OK in 39ms (Views: 37.8ms)


Started GET "/pages/projects" for 127.0.0.1 at 2017-09-06 03:08:27 +1000
Processing by PagesController#show as HTML
  Parameters: {"page"=>"projects"}
  Rendering pages/projects.html.erb within layouts/application
  Rendered pages/projects.html.erb within layouts/application (0.4ms)
  Rendered shared/_menu.html.erb (0.5ms)
  Rendered shared/_footer.html.erb (0.7ms)
Completed 200 OK in 44ms (Views: 43.5ms)


Started GET "/" for 127.0.0.1 at 2017-09-06 03:09:13 +1000
Processing by PagesController#show as HTML
  Parameters: {"page"=>"home"}
  Rendering pages/home.html.erb within layouts/application
  Rendered pages/home.html.erb within layouts/application (0.4ms)
  Rendered shared/_menu.html.erb (0.5ms)
  Rendered shared/_footer.html.erb (0.4ms)
Completed 200 OK in 26ms (Views: 25.5ms)


Started GET "/pages/about" for 127.0.0.1 at 2017-09-06 03:09:58 +1000
Processing by PagesController#show as HTML
  Parameters: {"page"=>"about"}
  Rendering pages/about.html.erb within layouts/application
  Rendered pages/about.html.erb within layouts/application (0.5ms)
  Rendered shared/_menu.html.erb (0.4ms)
  Rendered shared/_footer.html.erb (0.7ms)
Completed 200 OK in 28ms (Views: 27.1ms)


Started GET "/pages/contacts" for 127.0.0.1 at 2017-09-06 03:10:02 +1000
Processing by PagesController#show as HTML
  Parameters: {"page"=>"contacts"}
  Rendering pages/contacts.html.erb within layouts/application
  Rendered pages/contacts.html.erb within layouts/application (0.8ms)
  Rendered shared/_menu.html.erb (0.4ms)
  Rendered shared/_footer.html.erb (0.5ms)
Completed 200 OK in 31ms (Views: 30.7ms)


Started GET "/pages/projects" for 127.0.0.1 at 2017-09-06 03:10:06 +1000
Processing by PagesController#show as HTML
  Parameters: {"page"=>"projects"}
  Rendering pages/projects.html.erb within layouts/application
  Rendered pages/projects.html.erb within layouts/application (0.6ms)
  Rendered shared/_menu.html.erb (0.4ms)
  Rendered shared/_footer.html.erb (0.4ms)
Completed 200 OK in 29ms (Views: 27.8ms)


